<?xml version="1.0" encoding="UTF-8"?>
<!-- Generated by org.testng.reporters.JUnitReportReporter -->
<testsuite ignored="0" hostname="MEX8D0LZY2" failures="0" tests="1" name="testSel.SelTest" time="7.885" errors="0" timestamp="29 Jun 2022 04:29:26 GMT" skipped="0">
  <testcase classname="testSel.SelTest" name="f" time="7.885"/>
</testsuite> <!-- testSel.SelTest -->
